<?xml version="1.0" encoding="UTF-8"?>
<!-- Generated by org.testng.reporters.JUnitXMLReporter -->
<testsuite hostname="DESKTOP-9M04ET4" failures="0" tests="8" name="Login Test Cases" time="205.229" errors="0" timestamp="29 Aug 2022 07:15:22 GMT">
  <testcase classname="com.cira.testcases.authentication.loginTestCases" name="ValidInputLoginTest" time="24.961"/>
  <testcase classname="com.cira.testcases.authentication.loginTestCases" name="ValidInputLoginTestWithEnterKey" time="22.023"/>
  <testcase classname="com.cira.testcases.authentication.loginTestCases" name="clickBrowserBackTest" time="21.702"/>
  <testcase classname="com.cira.testcases.authentication.loginTestCases" name="InvalidUserValidPassword" time="5.749"/>
  <testcase classname="com.cira.testcases.authentication.loginTestCases" name="validUserInvalidPassword" time="4.903"/>
  <testcase classname="com.cira.testcases.authentication.loginTestCases" name="InValidInputLoginTest" time="5.812"/>
  <testcase classname="com.cira.testcases.authentication.loginTestCases" name="ShowPasswordFunctionality" time="5.086"/>
  <testcase classname="com.cira.testcases.authentication.loginTestCases" name="LoginWithEmptyField" time="6.678"/>
</testsuite> <!-- Login Test Cases -->
